2016-03-12 16:19:18 Error: [PDOException] SQLSTATE[HY000] [2002] No such file or directory
Stack Trace:
#0 /Applications/MAMP/htdocs/CakePHP/vendor/cakephp/cakephp/src/Database/Driver/PDODriverTrait.php(48): PDO->__construct('mysql:host=loca...', 'cakephp', 'okok', Array)
#1 /Applications/MAMP/htdocs/CakePHP/vendor/cakephp/cakephp/src/Database/Driver/Mysql.php(90): Cake\Database\Driver\Mysql->_connect('mysql:host=loca...', Array)
#2 /Applications/MAMP/htdocs/CakePHP/vendor/cakephp/cakephp/src/Database/Schema/BaseSchema.php(45): Cake\Database\Driver\Mysql->connect()
#3 /Applications/MAMP/htdocs/CakePHP/vendor/cakephp/cakephp/src/Database/Dialect/MysqlDialectTrait.php(63): Cake\Database\Schema\BaseSchema->__construct(Object(Cake\Database\Driver\Mysql))
#4 /Applications/MAMP/htdocs/CakePHP/vendor/cakephp/cakephp/src/Database/Schema/Collection.php(52): Cake\Database\Driver\Mysql->schemaDialect()
#5 /Applications/MAMP/htdocs/CakePHP/vendor/cakephp/cakephp/src/Database/Schema/CachedCollection.php(43): Cake\Database\Schema\Collection->__construct(Object(Cake\Database\Connection))
#6 /Applications/MAMP/htdocs/CakePHP/vendor/cakephp/cakephp/src/Database/Connection.php(315): Cake\Database\Schema\CachedCollection->__construct(Object(Cake\Database\Connection), true)
#7 /Applications/MAMP/htdocs/CakePHP/vendor/cakephp/bake/src/Shell/Task/ModelTask.php(921): Cake\Database\Connection->schemaCollection()
#8 /Applications/MAMP/htdocs/CakePHP/vendor/cakephp/bake/src/Shell/Task/ModelTask.php(876): Bake\Shell\Task\ModelTask->_getAllTables()
#9 /Applications/MAMP/htdocs/CakePHP/vendor/cakephp/bake/src/Shell/Task/ModelTask.php(198): Bake\Shell\Task\ModelTask->listAll()
#10 /Applications/MAMP/htdocs/CakePHP/vendor/cakephp/bake/src/Shell/Task/ModelTask.php(124): Bake\Shell\Task\ModelTask->getAssociations(Object(Cake\ORM\Table))
#11 /Applications/MAMP/htdocs/CakePHP/vendor/cakephp/bake/src/Shell/Task/ModelTask.php(109): Bake\Shell\Task\ModelTask->getTableContext(Object(Cake\ORM\Table), 'users', 'Users')
#12 /Applications/MAMP/htdocs/CakePHP/vendor/cakephp/bake/src/Shell/Task/ModelTask.php(96): Bake\Shell\Task\ModelTask->bake('Users')
#13 /Applications/MAMP/htdocs/CakePHP/vendor/cakephp/bake/src/Shell/BakeShell.php(250): Bake\Shell\Task\ModelTask->main('Users')
#14 /Applications/MAMP/htdocs/CakePHP/vendor/cakephp/cakephp/src/Collection/CollectionTrait.php(51): Bake\Shell\BakeShell->Bake\Shell\{closure}('users', 0)
#15 /Applications/MAMP/htdocs/CakePHP/vendor/cakephp/bake/src/Shell/BakeShell.php(253): Cake\Collection\Collection->each(Object(Closure))
#16 [internal function]: Bake\Shell\BakeShell->all('users')
#17 /Applications/MAMP/htdocs/CakePHP/vendor/cakephp/cakephp/src/Console/Shell.php(444): call_user_func_array(Array, Array)
#18 /Applications/MAMP/htdocs/CakePHP/vendor/cakephp/cakephp/src/Console/ShellDispatcher.php(217): Cake\Console\Shell->runCommand(Array, true, Array)
#19 /Applications/MAMP/htdocs/CakePHP/vendor/cakephp/cakephp/src/Console/ShellDispatcher.php(181): Cake\Console\ShellDispatcher->_dispatch(Array)
#20 /Applications/MAMP/htdocs/CakePHP/vendor/cakephp/cakephp/src/Console/ShellDispatcher.php(127): Cake\Console\ShellDispatcher->dispatch(Array)
#21 /Applications/MAMP/htdocs/CakePHP/bin/cake.php(33): Cake\Console\ShellDispatcher::run(Array)
#22 {main}


2016-03-12 16:23:48 Error: [PDOException] SQLSTATE[HY000] [2002] No such file or directory
Stack Trace:
#0 /Applications/MAMP/htdocs/CakePHP/vendor/cakephp/cakephp/src/Database/Driver/PDODriverTrait.php(48): PDO->__construct('mysql:host=loca...', 'cakephp', 'okok', Array)
#1 /Applications/MAMP/htdocs/CakePHP/vendor/cakephp/cakephp/src/Database/Driver/Mysql.php(90): Cake\Database\Driver\Mysql->_connect('mysql:host=loca...', Array)
#2 /Applications/MAMP/htdocs/CakePHP/vendor/cakephp/cakephp/src/Database/Schema/BaseSchema.php(45): Cake\Database\Driver\Mysql->connect()
#3 /Applications/MAMP/htdocs/CakePHP/vendor/cakephp/cakephp/src/Database/Dialect/MysqlDialectTrait.php(63): Cake\Database\Schema\BaseSchema->__construct(Object(Cake\Database\Driver\Mysql))
#4 /Applications/MAMP/htdocs/CakePHP/vendor/cakephp/cakephp/src/Database/Schema/Collection.php(52): Cake\Database\Driver\Mysql->schemaDialect()
#5 /Applications/MAMP/htdocs/CakePHP/vendor/cakephp/cakephp/src/Database/Schema/CachedCollection.php(43): Cake\Database\Schema\Collection->__construct(Object(Cake\Database\Connection))
#6 /Applications/MAMP/htdocs/CakePHP/vendor/cakephp/cakephp/src/Database/Connection.php(315): Cake\Database\Schema\CachedCollection->__construct(Object(Cake\Database\Connection), true)
#7 /Applications/MAMP/htdocs/CakePHP/vendor/cakephp/bake/src/Shell/Task/ModelTask.php(921): Cake\Database\Connection->schemaCollection()
#8 /Applications/MAMP/htdocs/CakePHP/vendor/cakephp/bake/src/Shell/Task/ModelTask.php(876): Bake\Shell\Task\ModelTask->_getAllTables()
#9 /Applications/MAMP/htdocs/CakePHP/vendor/cakephp/bake/src/Shell/Task/ModelTask.php(198): Bake\Shell\Task\ModelTask->listAll()
#10 /Applications/MAMP/htdocs/CakePHP/vendor/cakephp/bake/src/Shell/Task/ModelTask.php(124): Bake\Shell\Task\ModelTask->getAssociations(Object(Cake\ORM\Table))
#11 /Applications/MAMP/htdocs/CakePHP/vendor/cakephp/bake/src/Shell/Task/ModelTask.php(109): Bake\Shell\Task\ModelTask->getTableContext(Object(Cake\ORM\Table), 'users', 'Users')
#12 /Applications/MAMP/htdocs/CakePHP/vendor/cakephp/bake/src/Shell/Task/ModelTask.php(96): Bake\Shell\Task\ModelTask->bake('Users')
#13 /Applications/MAMP/htdocs/CakePHP/vendor/cakephp/bake/src/Shell/BakeShell.php(250): Bake\Shell\Task\ModelTask->main('Users')
#14 /Applications/MAMP/htdocs/CakePHP/vendor/cakephp/cakephp/src/Collection/CollectionTrait.php(51): Bake\Shell\BakeShell->Bake\Shell\{closure}('users', 0)
#15 /Applications/MAMP/htdocs/CakePHP/vendor/cakephp/bake/src/Shell/BakeShell.php(253): Cake\Collection\Collection->each(Object(Closure))
#16 [internal function]: Bake\Shell\BakeShell->all('users')
#17 /Applications/MAMP/htdocs/CakePHP/vendor/cakephp/cakephp/src/Console/Shell.php(444): call_user_func_array(Array, Array)
#18 /Applications/MAMP/htdocs/CakePHP/vendor/cakephp/cakephp/src/Console/ShellDispatcher.php(217): Cake\Console\Shell->runCommand(Array, true, Array)
#19 /Applications/MAMP/htdocs/CakePHP/vendor/cakephp/cakephp/src/Console/ShellDispatcher.php(181): Cake\Console\ShellDispatcher->_dispatch(Array)
#20 /Applications/MAMP/htdocs/CakePHP/vendor/cakephp/cakephp/src/Console/ShellDispatcher.php(127): Cake\Console\ShellDispatcher->dispatch(Array)
#21 /Applications/MAMP/htdocs/CakePHP/bin/cake.php(33): Cake\Console\ShellDispatcher::run(Array)
#22 {main}


2016-03-12 16:24:33 Error: [PDOException] SQLSTATE[HY000] [1045] Access denied for user 'cakephp'@'localhost' (using password: YES)
Stack Trace:
#0 /Applications/MAMP/htdocs/CakePHP/vendor/cakephp/cakephp/src/Database/Driver/PDODriverTrait.php(47): PDO->__construct('mysql:host=loca...', 'cakephp', 'okok', Array)
#1 /Applications/MAMP/htdocs/CakePHP/vendor/cakephp/cakephp/src/Database/Driver/Mysql.php(90): Cake\Database\Driver\Mysql->_connect('mysql:host=loca...', Array)
#2 /Applications/MAMP/htdocs/CakePHP/vendor/cakephp/cakephp/src/Database/Schema/BaseSchema.php(45): Cake\Database\Driver\Mysql->connect()
#3 /Applications/MAMP/htdocs/CakePHP/vendor/cakephp/cakephp/src/Database/Dialect/MysqlDialectTrait.php(63): Cake\Database\Schema\BaseSchema->__construct(Object(Cake\Database\Driver\Mysql))
#4 /Applications/MAMP/htdocs/CakePHP/vendor/cakephp/cakephp/src/Database/Schema/Collection.php(52): Cake\Database\Driver\Mysql->schemaDialect()
#5 /Applications/MAMP/htdocs/CakePHP/vendor/cakephp/cakephp/src/Database/Schema/CachedCollection.php(43): Cake\Database\Schema\Collection->__construct(Object(Cake\Database\Connection))
#6 /Applications/MAMP/htdocs/CakePHP/vendor/cakephp/cakephp/src/Database/Connection.php(315): Cake\Database\Schema\CachedCollection->__construct(Object(Cake\Database\Connection), true)
#7 /Applications/MAMP/htdocs/CakePHP/vendor/cakephp/bake/src/Shell/Task/ModelTask.php(921): Cake\Database\Connection->schemaCollection()
#8 /Applications/MAMP/htdocs/CakePHP/vendor/cakephp/bake/src/Shell/Task/ModelTask.php(876): Bake\Shell\Task\ModelTask->_getAllTables()
#9 /Applications/MAMP/htdocs/CakePHP/vendor/cakephp/bake/src/Shell/Task/ModelTask.php(198): Bake\Shell\Task\ModelTask->listAll()
#10 /Applications/MAMP/htdocs/CakePHP/vendor/cakephp/bake/src/Shell/Task/ModelTask.php(124): Bake\Shell\Task\ModelTask->getAssociations(Object(Cake\ORM\Table))
#11 /Applications/MAMP/htdocs/CakePHP/vendor/cakephp/bake/src/Shell/Task/ModelTask.php(109): Bake\Shell\Task\ModelTask->getTableContext(Object(Cake\ORM\Table), 'users', 'Users')
#12 /Applications/MAMP/htdocs/CakePHP/vendor/cakephp/bake/src/Shell/Task/ModelTask.php(96): Bake\Shell\Task\ModelTask->bake('Users')
#13 /Applications/MAMP/htdocs/CakePHP/vendor/cakephp/bake/src/Shell/BakeShell.php(250): Bake\Shell\Task\ModelTask->main('Users')
#14 /Applications/MAMP/htdocs/CakePHP/vendor/cakephp/cakephp/src/Collection/CollectionTrait.php(51): Bake\Shell\BakeShell->Bake\Shell\{closure}('Users', 0)
#15 /Applications/MAMP/htdocs/CakePHP/vendor/cakephp/bake/src/Shell/BakeShell.php(253): Cake\Collection\Collection->each(Object(Closure))
#16 [internal function]: Bake\Shell\BakeShell->all('users')
#17 /Applications/MAMP/htdocs/CakePHP/vendor/cakephp/cakephp/src/Console/Shell.php(444): call_user_func_array(Array, Array)
#18 /Applications/MAMP/htdocs/CakePHP/vendor/cakephp/cakephp/src/Console/ShellDispatcher.php(217): Cake\Console\Shell->runCommand(Array, true, Array)
#19 /Applications/MAMP/htdocs/CakePHP/vendor/cakephp/cakephp/src/Console/ShellDispatcher.php(181): Cake\Console\ShellDispatcher->_dispatch(Array)
#20 /Applications/MAMP/htdocs/CakePHP/vendor/cakephp/cakephp/src/Console/ShellDispatcher.php(127): Cake\Console\ShellDispatcher->dispatch(Array)
#21 /Applications/MAMP/htdocs/CakePHP/bin/cake.php(33): Cake\Console\ShellDispatcher::run(Array)
#22 {main}


2016-03-12 16:27:29 Error: [PDOException] SQLSTATE[HY000] [1049] Unknown database 'transactions_db'
Stack Trace:
#0 /Applications/MAMP/htdocs/CakePHP/vendor/cakephp/cakephp/src/Database/Driver/PDODriverTrait.php(47): PDO->__construct('mysql:host=loca...', 'cakephp', 'okok', Array)
#1 /Applications/MAMP/htdocs/CakePHP/vendor/cakephp/cakephp/src/Database/Driver/Mysql.php(90): Cake\Database\Driver\Mysql->_connect('mysql:host=loca...', Array)
#2 /Applications/MAMP/htdocs/CakePHP/vendor/cakephp/cakephp/src/Database/Schema/BaseSchema.php(45): Cake\Database\Driver\Mysql->connect()
#3 /Applications/MAMP/htdocs/CakePHP/vendor/cakephp/cakephp/src/Database/Dialect/MysqlDialectTrait.php(63): Cake\Database\Schema\BaseSchema->__construct(Object(Cake\Database\Driver\Mysql))
#4 /Applications/MAMP/htdocs/CakePHP/vendor/cakephp/cakephp/src/Database/Schema/Collection.php(52): Cake\Database\Driver\Mysql->schemaDialect()
#5 /Applications/MAMP/htdocs/CakePHP/vendor/cakephp/cakephp/src/Database/Schema/CachedCollection.php(43): Cake\Database\Schema\Collection->__construct(Object(Cake\Database\Connection))
#6 /Applications/MAMP/htdocs/CakePHP/vendor/cakephp/cakephp/src/Database/Connection.php(315): Cake\Database\Schema\CachedCollection->__construct(Object(Cake\Database\Connection), true)
#7 /Applications/MAMP/htdocs/CakePHP/vendor/cakephp/bake/src/Shell/Task/ModelTask.php(921): Cake\Database\Connection->schemaCollection()
#8 /Applications/MAMP/htdocs/CakePHP/vendor/cakephp/bake/src/Shell/Task/ModelTask.php(876): Bake\Shell\Task\ModelTask->_getAllTables()
#9 /Applications/MAMP/htdocs/CakePHP/vendor/cakephp/bake/src/Shell/Task/ModelTask.php(198): Bake\Shell\Task\ModelTask->listAll()
#10 /Applications/MAMP/htdocs/CakePHP/vendor/cakephp/bake/src/Shell/Task/ModelTask.php(124): Bake\Shell\Task\ModelTask->getAssociations(Object(Cake\ORM\Table))
#11 /Applications/MAMP/htdocs/CakePHP/vendor/cakephp/bake/src/Shell/Task/ModelTask.php(109): Bake\Shell\Task\ModelTask->getTableContext(Object(Cake\ORM\Table), 'users', 'Users')
#12 /Applications/MAMP/htdocs/CakePHP/vendor/cakephp/bake/src/Shell/Task/ModelTask.php(96): Bake\Shell\Task\ModelTask->bake('Users')
#13 /Applications/MAMP/htdocs/CakePHP/vendor/cakephp/bake/src/Shell/BakeShell.php(250): Bake\Shell\Task\ModelTask->main('Users')
#14 /Applications/MAMP/htdocs/CakePHP/vendor/cakephp/cakephp/src/Collection/CollectionTrait.php(51): Bake\Shell\BakeShell->Bake\Shell\{closure}('Users', 0)
#15 /Applications/MAMP/htdocs/CakePHP/vendor/cakephp/bake/src/Shell/BakeShell.php(253): Cake\Collection\Collection->each(Object(Closure))
#16 [internal function]: Bake\Shell\BakeShell->all('users')
#17 /Applications/MAMP/htdocs/CakePHP/vendor/cakephp/cakephp/src/Console/Shell.php(444): call_user_func_array(Array, Array)
#18 /Applications/MAMP/htdocs/CakePHP/vendor/cakephp/cakephp/src/Console/ShellDispatcher.php(217): Cake\Console\Shell->runCommand(Array, true, Array)
#19 /Applications/MAMP/htdocs/CakePHP/vendor/cakephp/cakephp/src/Console/ShellDispatcher.php(181): Cake\Console\ShellDispatcher->_dispatch(Array)
#20 /Applications/MAMP/htdocs/CakePHP/vendor/cakephp/cakephp/src/Console/ShellDispatcher.php(127): Cake\Console\ShellDispatcher->dispatch(Array)
#21 /Applications/MAMP/htdocs/CakePHP/bin/cake.php(33): Cake\Console\ShellDispatcher::run(Array)
#22 {main}


