2016-03-12 02:13:47 Notice: Notice (1024): Please change the value of 'Security.salt' in ROOT/config/app.php to a salt value specific to your application. in [/Applications/MAMP/htdocs/CakePHP/vendor/cakephp/cakephp/src/Error/Debugger.php, line 793]
Trace:
Cake\Error\BaseErrorHandler::handleError() - CORE/src/Error/BaseErrorHandler.php, line 146
Cake\Error\Debugger::checkSecurityKeys() - CORE/src/Error/Debugger.php, line 793
include - APP/Template/Pages/home.ctp, line 55
Cake\View\View::_evaluate() - CORE/src/View/View.php, line 992
Cake\View\View::_render() - CORE/src/View/View.php, line 952
Cake\View\View::render() - CORE/src/View/View.php, line 587
Cake\Controller\Controller::render() - CORE/src/Controller/Controller.php, line 611
App\Controller\PagesController::display() - APP/Controller/PagesController.php, line 57
Cake\Controller\Controller::invokeAction() - CORE/src/Controller/Controller.php, line 429
Cake\Routing\Dispatcher::_invoke() - CORE/src/Routing/Dispatcher.php, line 114
Cake\Routing\Dispatcher::dispatch() - CORE/src/Routing/Dispatcher.php, line 87
[main] - ROOT/webroot/index.php, line 36



2016-03-12 19:06:34 Notice: Notice (8): Undefined index: amount in [/Applications/MAMP/htdocs/CakePHP/src/Controller/TransactionsController.php, line 69]
Trace:
Cake\Error\BaseErrorHandler::handleError() - CORE/src/Error/BaseErrorHandler.php, line 146
App\Controller\TransactionsController::add() - APP/Controller/TransactionsController.php, line 69
Cake\Controller\Controller::invokeAction() - CORE/src/Controller/Controller.php, line 429
Cake\Routing\Dispatcher::_invoke() - CORE/src/Routing/Dispatcher.php, line 114
Cake\Routing\Dispatcher::dispatch() - CORE/src/Routing/Dispatcher.php, line 87
[main] - ROOT/webroot/index.php, line 36



2016-03-12 19:06:34 Notice: Notice (8): Undefined index: product_id in [/Applications/MAMP/htdocs/CakePHP/src/Controller/TransactionsController.php, line 70]
Trace:
Cake\Error\BaseErrorHandler::handleError() - CORE/src/Error/BaseErrorHandler.php, line 146
App\Controller\TransactionsController::add() - APP/Controller/TransactionsController.php, line 70
Cake\Controller\Controller::invokeAction() - CORE/src/Controller/Controller.php, line 429
Cake\Routing\Dispatcher::_invoke() - CORE/src/Routing/Dispatcher.php, line 114
Cake\Routing\Dispatcher::dispatch() - CORE/src/Routing/Dispatcher.php, line 87
[main] - ROOT/webroot/index.php, line 36



2016-03-12 19:07:10 Notice: Notice (8): Undefined index: amount in [/Applications/MAMP/htdocs/CakePHP/src/Controller/TransactionsController.php, line 69]
Trace:
Cake\Error\BaseErrorHandler::handleError() - CORE/src/Error/BaseErrorHandler.php, line 146
App\Controller\TransactionsController::add() - APP/Controller/TransactionsController.php, line 69
Cake\Controller\Controller::invokeAction() - CORE/src/Controller/Controller.php, line 429
Cake\Routing\Dispatcher::_invoke() - CORE/src/Routing/Dispatcher.php, line 114
Cake\Routing\Dispatcher::dispatch() - CORE/src/Routing/Dispatcher.php, line 87
[main] - ROOT/webroot/index.php, line 36



2016-03-12 19:07:10 Notice: Notice (8): Undefined index: product_id in [/Applications/MAMP/htdocs/CakePHP/src/Controller/TransactionsController.php, line 70]
Trace:
Cake\Error\BaseErrorHandler::handleError() - CORE/src/Error/BaseErrorHandler.php, line 146
App\Controller\TransactionsController::add() - APP/Controller/TransactionsController.php, line 70
Cake\Controller\Controller::invokeAction() - CORE/src/Controller/Controller.php, line 429
Cake\Routing\Dispatcher::_invoke() - CORE/src/Routing/Dispatcher.php, line 114
Cake\Routing\Dispatcher::dispatch() - CORE/src/Routing/Dispatcher.php, line 87
[main] - ROOT/webroot/index.php, line 36



2016-03-12 21:32:32 Notice: Notice (8): Undefined variable: user in [/Applications/MAMP/htdocs/CakePHP/src/Controller/UsersController.php, line 51]
Trace:
Cake\Error\BaseErrorHandler::handleError() - CORE/src/Error/BaseErrorHandler.php, line 146
App\Controller\UsersController::view() - APP/Controller/UsersController.php, line 51
Cake\Controller\Controller::invokeAction() - CORE/src/Controller/Controller.php, line 429
Cake\Routing\Dispatcher::_invoke() - CORE/src/Routing/Dispatcher.php, line 114
Cake\Routing\Dispatcher::dispatch() - CORE/src/Routing/Dispatcher.php, line 87
[main] - ROOT/webroot/index.php, line 36



2016-03-12 21:54:33 Notice: Notice (8): Undefined index: transaction_id in [/Applications/MAMP/htdocs/CakePHP/src/Controller/TransactionsController.php, line 66]
Trace:
Cake\Error\BaseErrorHandler::handleError() - CORE/src/Error/BaseErrorHandler.php, line 146
App\Controller\TransactionsController::add() - APP/Controller/TransactionsController.php, line 66
Cake\Controller\Controller::invokeAction() - CORE/src/Controller/Controller.php, line 429
Cake\Routing\Dispatcher::_invoke() - CORE/src/Routing/Dispatcher.php, line 114
Cake\Routing\Dispatcher::dispatch() - CORE/src/Routing/Dispatcher.php, line 87
[main] - ROOT/webroot/index.php, line 36



